[debug] ----------------------------------------------------------------------
[debug] Command:      /usr/local/bin/node /usr/local/bin/firebase deploy
[debug] CLI Version:  3.6.1
[debug] Platform:     darwin
[debug] Node Version: v6.9.2
[debug] Time:         Sat Jul 08 2017 02:01:13 GMT-0400 (EDT)
[debug] ----------------------------------------------------------------------
[debug] 
[debug] > command requires scopes: ["email","openid","https://www.googleapis.com/auth/cloudplatformprojects.readonly","https://www.googleapis.com/auth/firebase","https://www.googleapis.com/auth/cloud-platform"]
[debug] > refreshing access token with scopes: ["email","https://www.googleapis.com/auth/cloud-platform","https://www.googleapis.com/auth/cloudplatformprojects.readonly","https://www.googleapis.com/auth/firebase","openid"]
[debug] >>> HTTP REQUEST POST https://www.googleapis.com/oauth2/v3/token { refresh_token: '1/VxiUI23I1LuPi2ouXCDRq9ObqE039drqF32D9xt2xzHn5INwZBuGDqXPqvNGtaad',
  client_id: '563584335869-fgrhgmd47bqnekij5i8b5pr03ho849e6.apps.googleusercontent.com',
  client_secret: 'j9iVZfS8kkCEFUPaAeJV0sAi',
  grant_type: 'refresh_token',
  scope: 'email https://www.googleapis.com/auth/cloud-platform https://www.googleapis.com/auth/cloudplatformprojects.readonly https://www.googleapis.com/auth/firebase openid' } 
 Sat Jul 08 2017 02:01:13 GMT-0400 (EDT)
[debug] <<< HTTP RESPONSE 200
[debug] >>> HTTP REQUEST GET https://admin.firebase.com/v1/projects/fantasy-roller-derby  
 Sat Jul 08 2017 02:01:17 GMT-0400 (EDT)
[debug] <<< HTTP RESPONSE 200
[debug] >>> HTTP REQUEST GET https://admin.firebase.com/v1/database/fantasy-roller-derby/tokens  
 Sat Jul 08 2017 02:01:18 GMT-0400 (EDT)
[debug] <<< HTTP RESPONSE 200
[info] 
[info] === Deploying to 'fantasy-roller-derby'...
[info] 
[info] i  deploying database, functions, hosting
[info] ✔  database: rules ready to deploy.
[debug] > [functions] package.json contents: {
  "name": "functions",
  "description": "Cloud Functions for Firebase",
  "dependencies": {
    "firebase-admin": "~4.1.2",
    "firebase-functions": "^0.5"
  },
  "private": true
}
[info] i  functions: ensuring necessary APIs are enabled...
[info] i  runtimeconfig: ensuring necessary APIs are enabled...
[debug] >>> HTTP REQUEST GET https://servicemanagement.googleapis.com/v1/services/cloudfunctions.googleapis.com/projectSettings/fantasy-roller-derby?view=CONSUMER_VIEW  
 Sat Jul 08 2017 02:01:23 GMT-0400 (EDT)
[debug] >>> HTTP REQUEST GET https://servicemanagement.googleapis.com/v1/services/runtimeconfig.googleapis.com/projectSettings/fantasy-roller-derby?view=CONSUMER_VIEW  
 Sat Jul 08 2017 02:01:23 GMT-0400 (EDT)
[debug] <<< HTTP RESPONSE 200
[info] ✔  functions: all necessary APIs are enabled
[debug] Error: socket hang up
    at TLSSocket.onHangUp (_tls_wrap.js:1111:19)
    at TLSSocket.g (events.js:291:16)
    at emitNone (events.js:91:20)
    at TLSSocket.emit (events.js:185:7)
    at endReadableNT (_stream_readable.js:974:12)
    at _combinedTickCallback (internal/process/next_tick.js:74:11)
    at process._tickCallback (internal/process/next_tick.js:98:9)
[error] 
[error] Error: Server Error. socket hang up
